0 info it worked if it ends with ok
1 verbose cli [ '/usr/bin/node',
1 verbose cli   '/usr/bin/npm',
1 verbose cli   'install',
1 verbose cli   'karma-jasmine@2.0',
1 verbose cli   '--save-dev' ]
2 info using npm@2.0.0
3 info using node@v0.10.31
4 warn package.json TelerikApp@1.0.0 No description
5 warn package.json TelerikApp@1.0.0 No README data
6 warn package.json karma-chrome-launcher@0.1.5 No README data
7 verbose readDependencies using package.json deps
8 verbose cache add [ 'karma-jasmine@2.0', null ]
9 verbose cache add spec="karma-jasmine@2.0" args=["karma-jasmine@2.0",null]
10 verbose parsed spec { raw: 'karma-jasmine@2.0',
10 verbose parsed spec   scope: null,
10 verbose parsed spec   name: 'karma-jasmine',
10 verbose parsed spec   rawSpec: '2.0',
10 verbose parsed spec   spec: '>=2.0.0 <2.1.0',
10 verbose parsed spec   type: 'range' }
11 verbose parsed spec { raw: 'karma-jasmine@2.0',
11 verbose parsed spec   scope: null,
11 verbose parsed spec   name: 'karma-jasmine',
11 verbose parsed spec   rawSpec: '2.0',
11 verbose parsed spec   spec: '>=2.0.0 <2.1.0',
11 verbose parsed spec   type: 'range' }
12 verbose addNamed [ 'karma-jasmine', '>=2.0.0 <2.1.0' ]
13 verbose addNamed [ null, '>=2.0.0 <2.1.0' ]
14 silly lockFile 47f05bf2-karma-jasmine-2-0-0-2-1-0 karma-jasmine@>=2.0.0 <2.1.0
15 verbose lock karma-jasmine@>=2.0.0 <2.1.0 /home/gngeorgiev/.npm/47f05bf2-karma-jasmine-2-0-0-2-1-0.lock
16 silly addNameRange { name: 'karma-jasmine',
16 silly addNameRange   range: '>=2.0.0 <2.1.0',
16 silly addNameRange   hasData: false }
17 verbose mapToRegistry name karma-jasmine
18 verbose mapToRegistry uri https://registry.npmjs.org/karma-jasmine
19 verbose request on initialization, where is /karma-jasmine
20 verbose request after pass 1, where is /karma-jasmine
21 verbose request url raw /karma-jasmine
22 verbose request resolving registry [ 'https://registry.npmjs.org/', './karma-jasmine' ]
23 verbose request after pass 2, where is https://registry.npmjs.org/karma-jasmine
24 verbose request no auth needed
25 info attempt registry request try #1 at 22:21:55
26 verbose request id ff309e10255d1c11
27 verbose etag "1JFKKFO99KRQ073BP173CHGIT"
28 http request GET https://registry.npmjs.org/karma-jasmine
29 http 304 https://registry.npmjs.org/karma-jasmine
30 silly registry.get cb [ 304,
30 silly registry.get   { date: 'Thu, 23 Oct 2014 19:21:55 GMT',
30 silly registry.get     server: 'Apache',
30 silly registry.get     via: '1.1 varnish',
30 silly registry.get     'last-modified': 'Thu, 23 Oct 2014 19:21:55 GMT',
30 silly registry.get     'cache-control': 'max-age=60',
30 silly registry.get     etag: '"1JFKKFO99KRQ073BP173CHGIT"',
30 silly registry.get     age: '26',
30 silly registry.get     'x-served-by': 'cache-fra1220-FRA',
30 silly registry.get     'x-cache': 'HIT',
30 silly registry.get     'x-cache-hits': '1',
30 silly registry.get     'x-timer': 'S1414092115.474679,VS0,VE0',
30 silly registry.get     vary: 'Accept',
30 silly registry.get     'content-length': '0',
30 silly registry.get     'keep-alive': 'timeout=10, max=50',
30 silly registry.get     connection: 'Keep-Alive' } ]
31 verbose etag https://registry.npmjs.org/karma-jasmine from cache
32 silly addNameRange number 2 { name: 'karma-jasmine', range: '>=2.0.0 <2.1.0', hasData: true }
33 silly addNameRange versions [ 'karma-jasmine',
33 silly addNameRange   [ '0.0.1',
33 silly addNameRange     '0.0.2',
33 silly addNameRange     '0.0.3',
33 silly addNameRange     '0.1.0',
33 silly addNameRange     '0.1.1',
33 silly addNameRange     '0.1.2',
33 silly addNameRange     '0.1.3',
33 silly addNameRange     '0.1.4',
33 silly addNameRange     '0.1.5',
33 silly addNameRange     '0.2.0',
33 silly addNameRange     '0.2.1',
33 silly addNameRange     '0.2.2' ] ]
34 silly lockFile 47f05bf2-karma-jasmine-2-0-0-2-1-0 karma-jasmine@>=2.0.0 <2.1.0
35 silly lockFile 47f05bf2-karma-jasmine-2-0-0-2-1-0 karma-jasmine@>=2.0.0 <2.1.0
36 verbose stack Error: No compatible version found: karma-jasmine@'>=2.0.0 <2.1.0'
36 verbose stack Valid install targets:
36 verbose stack ["0.0.1","0.0.2","0.0.3","0.1.0","0.1.1","0.1.2","0.1.3","0.1.4","0.1.5","0.2.0","0.2.1","0.2.2"]
36 verbose stack
36 verbose stack     at installTargetsError (/usr/lib/node_modules/npm/lib/cache/add-named.js:258:12)
36 verbose stack     at next (/usr/lib/node_modules/npm/lib/cache/add-named.js:237:17)
36 verbose stack     at setData (/usr/lib/node_modules/npm/lib/cache/add-named.js:214:5)
36 verbose stack     at saved (/usr/lib/node_modules/npm/node_modules/npm-registry-client/lib/get.js:167:7)
36 verbose stack     at Object.oncomplete (fs.js:107:15)
37 verbose cwd /home/gngeorgiev/Projects/TelerikApp
38 error Linux 3.16.2-1-ARCH
39 error argv "/usr/bin/node" "/usr/bin/npm" "install" "karma-jasmine@2.0" "--save-dev"
40 error node v0.10.31
41 error npm  v2.0.0
42 error code ETARGET
43 error notarget No compatible version found: karma-jasmine@'>=2.0.0 <2.1.0'
43 error notarget Valid install targets:
43 error notarget ["0.0.1","0.0.2","0.0.3","0.1.0","0.1.1","0.1.2","0.1.3","0.1.4","0.1.5","0.2.0","0.2.1","0.2.2"]
43 error notarget
43 error notarget This is most likely not a problem with npm itself.
43 error notarget In most cases you or one of your dependencies are requesting
43 error notarget a package version that doesn't exist.
44 verbose exit [ 1, true ]
